<?xml version="1.0" encoding="UTF-8"?>
<!-- Generated by org.testng.reporters.JUnitReportReporter -->
<testsuite hostname="WKWIN5154091" failures="0" tests="1" name="com.qa.tests.CreateEmployeeJson" time="0.201" errors="0" timestamp="2020-03-03T23:13:06 IST" skipped="0">
  <testcase classname="com.qa.tests.CreateEmployeeJson" name="createEmployeeJson" time="0.201"/>
</testsuite> <!-- com.qa.tests.CreateEmployeeJson -->
