<?xml version="1.0" encoding="UTF-8"?>
<!-- Generated by org.testng.reporters.JUnitReportReporter -->
<testsuite hostname="WKWIN5154091" failures="0" tests="1" name="com.qa.tests.CreateJson" time="0.226" errors="0" timestamp="2020-03-02T16:11:41 IST" skipped="0">
  <testcase classname="com.qa.tests.CreateJson" name="createJson" time="0.226"/>
</testsuite> <!-- com.qa.tests.CreateJson -->
