<?xml version="1.0" encoding="UTF-8"?>
<!-- Generated by org.testng.reporters.JUnitReportReporter -->
<testsuite hostname="WKWIN5154091" failures="0" tests="1" name="com.qa.tests.TestJson" time="0.749" errors="0" timestamp="2020-03-02T22:00:36 IST" skipped="0">
  <testcase classname="com.qa.tests.TestJson" name="readJsonResponse" time="0.749"/>
</testsuite> <!-- com.qa.tests.TestJson -->
